2024-07-16 20:22:45 [::1][-][khdhkbdcl43h0jj1etvolmvqv4][error][yii\base\InvalidConfigException] yii\base\InvalidConfigException: yii\web\Request::cookieValidationKey must be configured with a secret key. in C:\xampp\htdocs\tugas\vendor\yiisoft\yii2\web\Request.php:1728
Stack trace:
#0 C:\xampp\htdocs\tugas\vendor\yiisoft\yii2\web\Request.php(1710): yii\web\Request->loadCookies()
#1 C:\xampp\htdocs\tugas\vendor\yiisoft\yii2\web\User.php(547): yii\web\Request->getCookies()
#2 C:\xampp\htdocs\tugas\vendor\yiisoft\yii2\web\User.php(730): yii\web\User->renewIdentityCookie()
#3 C:\xampp\htdocs\tugas\vendor\yiisoft\yii2\web\User.php(199): yii\web\User->renewAuthStatus()
#4 C:\xampp\htdocs\tugas\vendor\yiisoft\yii2\web\User.php(367): yii\web\User->getIdentity()
#5 C:\xampp\htdocs\tugas\vendor\yiisoft\yii2\base\Component.php(139): yii\web\User->getIsGuest()
#6 C:\xampp\htdocs\tugas\vendor\yiisoft\yii2-debug\src\panels\UserPanel.php(83): yii\base\Component->__get('isGuest')
#7 C:\xampp\htdocs\tugas\vendor\yiisoft\yii2\base\BaseObject.php(109): yii\debug\panels\UserPanel->init()
#8 [internal function]: yii\base\BaseObject->__construct(Array)
#9 C:\xampp\htdocs\tugas\vendor\yiisoft\yii2\di\Container.php(419): ReflectionClass->newInstanceArgs(Array)
#10 C:\xampp\htdocs\tugas\vendor\yiisoft\yii2\di\Container.php(170): yii\di\Container->build('yii\\debug\\panel...', Array, Array)
#11 C:\xampp\htdocs\tugas\vendor\yiisoft\yii2\BaseYii.php(365): yii\di\Container->get('yii\\debug\\panel...', Array, Array)
#12 C:\xampp\htdocs\tugas\vendor\yiisoft\yii2-debug\src\Module.php(253): yii\BaseYii::createObject(Array)
#13 C:\xampp\htdocs\tugas\vendor\yiisoft\yii2-debug\src\Module.php(225): yii\debug\Module->initPanels()
#14 C:\xampp\htdocs\tugas\vendor\yiisoft\yii2\base\BaseObject.php(109): yii\debug\Module->init()
#15 C:\xampp\htdocs\tugas\vendor\yiisoft\yii2\base\Module.php(161): yii\base\BaseObject->__construct(Array)
#16 [internal function]: yii\base\Module->__construct('debug', Object(yii\web\Application), Array)
#17 C:\xampp\htdocs\tugas\vendor\yiisoft\yii2\di\Container.php(411): ReflectionClass->newInstanceArgs(Array)
#18 C:\xampp\htdocs\tugas\vendor\yiisoft\yii2\di\Container.php(170): yii\di\Container->build('yii\\debug\\Modul...', Array, Array)
#19 C:\xampp\htdocs\tugas\vendor\yiisoft\yii2\BaseYii.php(365): yii\di\Container->get('yii\\debug\\Modul...', Array, Array)
#20 C:\xampp\htdocs\tugas\vendor\yiisoft\yii2\base\Module.php(445): yii\BaseYii::createObject(Array, Array)
#21 C:\xampp\htdocs\tugas\vendor\yiisoft\yii2\base\Application.php(313): yii\base\Module->getModule('debug')
#22 C:\xampp\htdocs\tugas\vendor\yiisoft\yii2\web\Application.php(69): yii\base\Application->bootstrap()
#23 C:\xampp\htdocs\tugas\vendor\yiisoft\yii2\base\Application.php(271): yii\web\Application->bootstrap()
#24 C:\xampp\htdocs\tugas\vendor\yiisoft\yii2\base\BaseObject.php(109): yii\base\Application->init()
#25 C:\xampp\htdocs\tugas\vendor\yiisoft\yii2\base\Application.php(204): yii\base\BaseObject->__construct(Array)
#26 C:\xampp\htdocs\tugas\web\index.php(12): yii\base\Application->__construct(Array)
#27 {main}
2024-07-16 20:22:44 [::1][-][khdhkbdcl43h0jj1etvolmvqv4][info][application] $_GET = []

$_POST = []

$_FILES = []

$_COOKIE = [
    '_identity' => '1d2fadf45a21c9fb7360b4b04862c66f08b476475288e339081aafcbc7e2775ca:2:{i:0;s:9:\"_identity\";i:1;s:28:\"[\"100\",\"test100key\",2592000]\";}'
    'PHPSESSID' => 'khdhkbdcl43h0jj1etvolmvqv4'
    '_csrf' => 'e1860c8216a81b61b766f787b9c55edaeb8bceb4688f3e962636c71dfe72f371a:2:{i:0;s:5:\"_csrf\";i:1;s:32:\"CDCP2jHCZWhlEcIgiOHsUW3XGGWuF33k\";}'
]

$_SESSION = [
    '__flash' => []
    '__id' => '100'
    '__authKey' => 'test100key'
    '1837910bca6893a28a4c329a5d95654b__id' => 1
    '1837910bca6893a28a4c329a5d95654b__name' => 'admin'
    '1837910bca6893a28a4c329a5d95654b__states' => []
]

$_SERVER = [
    'MIBDIRS' => 'C:/xampp/php/extras/mibs'
    'MYSQL_HOME' => '\\xampp\\mysql\\bin'
    'OPENSSL_CONF' => 'C:/xampp/apache/bin/openssl.cnf'
    'PHP_PEAR_SYSCONF_DIR' => '\\xampp\\php'
    'PHPRC' => '\\xampp\\php'
    'TMP' => '\\xampp\\tmp'
    'HTTP_HOST' => 'localhost'
    'HTTP_CONNECTION' => 'keep-alive'
    'HTTP_SEC_CH_UA' => '\"Not/A)Brand\";v=\"8\", \"Chromium\";v=\"126\", \"Google Chrome\";v=\"126\"'
    'HTTP_SEC_CH_UA_MOBILE' => '?0'
    'HTTP_SEC_CH_UA_PLATFORM' => '\"Windows\"'
    'HTTP_UPGRADE_INSECURE_REQUESTS' => '1'
    'HTTP_USER_AGENT' => 'Mozilla/5.0 (Windows NT 10.0; Win64; x64) AppleWebKit/537.36 (KHTML, like Gecko) Chrome/126.0.0.0 Safari/537.36'
    'HTTP_ACCEPT' => 'text/html,application/xhtml+xml,application/xml;q=0.9,image/avif,image/webp,image/apng,*/*;q=0.8,application/signed-exchange;v=b3;q=0.7'
    'HTTP_SEC_FETCH_SITE' => 'none'
    'HTTP_SEC_FETCH_MODE' => 'navigate'
    'HTTP_SEC_FETCH_USER' => '?1'
    'HTTP_SEC_FETCH_DEST' => 'document'
    'HTTP_ACCEPT_ENCODING' => 'gzip, deflate, br, zstd'
    'HTTP_ACCEPT_LANGUAGE' => 'en-US,en;q=0.9'
    'HTTP_COOKIE' => '_identity=1d2fadf45a21c9fb7360b4b04862c66f08b476475288e339081aafcbc7e2775ca%3A2%3A%7Bi%3A0%3Bs%3A9%3A%22_identity%22%3Bi%3A1%3Bs%3A28%3A%22%5B%22100%22%2C%22test100key%22%2C2592000%5D%22%3B%7D; PHPSESSID=khdhkbdcl43h0jj1etvolmvqv4; _csrf=e1860c8216a81b61b766f787b9c55edaeb8bceb4688f3e962636c71dfe72f371a%3A2%3A%7Bi%3A0%3Bs%3A5%3A%22_csrf%22%3Bi%3A1%3Bs%3A32%3A%22CDCP2jHCZWhlEcIgiOHsUW3XGGWuF33k%22%3B%7D'
    'PATH' => 'C:\\Program Files\\NVIDIA GPU Computing Toolkit\\CUDA\\v11.0\\bin;C:\\Program Files\\NVIDIA GPU Computing Toolkit\\CUDA\\v11.0\\libnvvp;;C:\\Windows\\system32;C:\\Windows;C:\\Windows\\System32\\Wbem;C:\\Windows\\System32\\WindowsPowerShell\\v1.0\\;C:\\Windows\\System32\\OpenSSH\\;C:\\Program Files (x86)\\NVIDIA Corporation\\PhysX\\Common;C:\\Program Files\\NVIDIA Corporation\\NVIDIA NvDLISR;C:\\WINDOWS\\system32;C:\\WINDOWS;C:\\WINDOWS\\System32\\Wbem;C:\\WINDOWS\\System32\\WindowsPowerShell\\v1.0\\;C:\\WINDOWS\\System32\\OpenSSH\\;C:\\Program Files\\PuTTY\\;C:\\Program Files\\Git\\cmd;C:\\Program Files\\swipl\\bin;C:\\Users\\Bagus\\AppData\\Local\\Programs\\Python\\Python36\\;C:\\Program Files\\NVIDIA Corporation\\Nsight Compute 2020.1.1\\;C:\\Users\\Bagus\\AppData\\Local\\Programs\\Python\\Python36\\Scripts\\;C:\\WINDOWS\\system32;C:\\WINDOWS;C:\\WINDOWS\\System32\\Wbem;C:\\WINDOWS\\System32\\WindowsPowerShell\\v1.0\\;C:\\WINDOWS\\System32\\OpenSSH\\;C:\\xampp 8.1.25\\php;C:\\composer;C:\\xampp\\php;C:\\Users\\Bagus\\AppData\\Local\\Programs\\Python\\Python36\\Scripts\\;C:\\Users\\Bagus\\AppData\\Local\\Programs\\Python\\Python36\\;C:\\Users\\Bagus\\AppData\\Local\\Microsoft\\WindowsApps;C:\\Users\\Bagus\\AppData\\Local\\Programs\\Microsoft VS Code\\bin;C:\\Program Files\\CMake\\bin;C:\\Users\\Bagus\\AppData\\Roaming\\Composer\\vendor\\bin'
    'SystemRoot' => 'C:\\WINDOWS'
    'COMSPEC' => 'C:\\WINDOWS\\system32\\cmd.exe'
    'PATHEXT' => '.COM;.EXE;.BAT;.CMD;.VBS;.VBE;.JS;.JSE;.WSF;.WSH;.MSC'
    'WINDIR' => 'C:\\WINDOWS'
    'SERVER_SIGNATURE' => '<address>Apache/2.4.58 (Win64) OpenSSL/3.1.3 PHP/8.1.25 Server at localhost Port 80</address>
'
    'SERVER_SOFTWARE' => 'Apache/2.4.58 (Win64) OpenSSL/3.1.3 PHP/8.1.25'
    'SERVER_NAME' => 'localhost'
    'SERVER_ADDR' => '::1'
    'SERVER_PORT' => '80'
    'REMOTE_ADDR' => '::1'
    'DOCUMENT_ROOT' => 'C:/xampp/htdocs'
    'REQUEST_SCHEME' => 'http'
    'CONTEXT_PREFIX' => ''
    'CONTEXT_DOCUMENT_ROOT' => 'C:/xampp/htdocs'
    'SERVER_ADMIN' => 'postmaster@localhost'
    'SCRIPT_FILENAME' => 'C:/xampp/htdocs/tugas/web/index.php'
    'REMOTE_PORT' => '64268'
    'GATEWAY_INTERFACE' => 'CGI/1.1'
    'SERVER_PROTOCOL' => 'HTTP/1.1'
    'REQUEST_METHOD' => 'GET'
    'QUERY_STRING' => ''
    'REQUEST_URI' => '/tugas/web/'
    'SCRIPT_NAME' => '/tugas/web/index.php'
    'PHP_SELF' => '/tugas/web/index.php'
    'REQUEST_TIME_FLOAT' => 1721154164.2387
    'REQUEST_TIME' => 1721154164
]
2024-07-16 20:23:43 [::1][-][khdhkbdcl43h0jj1etvolmvqv4][error][yii\base\InvalidConfigException] yii\base\InvalidConfigException: yii\web\Request::cookieValidationKey must be configured with a secret key. in C:\xampp\htdocs\tugas\vendor\yiisoft\yii2\web\Request.php:1728
Stack trace:
#0 C:\xampp\htdocs\tugas\vendor\yiisoft\yii2\web\Request.php(1710): yii\web\Request->loadCookies()
#1 C:\xampp\htdocs\tugas\vendor\yiisoft\yii2\web\User.php(547): yii\web\Request->getCookies()
#2 C:\xampp\htdocs\tugas\vendor\yiisoft\yii2\web\User.php(730): yii\web\User->renewIdentityCookie()
#3 C:\xampp\htdocs\tugas\vendor\yiisoft\yii2\web\User.php(199): yii\web\User->renewAuthStatus()
#4 C:\xampp\htdocs\tugas\vendor\yiisoft\yii2\web\User.php(367): yii\web\User->getIdentity()
#5 C:\xampp\htdocs\tugas\vendor\yiisoft\yii2\base\Component.php(139): yii\web\User->getIsGuest()
#6 C:\xampp\htdocs\tugas\vendor\yiisoft\yii2-debug\src\panels\UserPanel.php(83): yii\base\Component->__get('isGuest')
#7 C:\xampp\htdocs\tugas\vendor\yiisoft\yii2\base\BaseObject.php(109): yii\debug\panels\UserPanel->init()
#8 [internal function]: yii\base\BaseObject->__construct(Array)
#9 C:\xampp\htdocs\tugas\vendor\yiisoft\yii2\di\Container.php(419): ReflectionClass->newInstanceArgs(Array)
#10 C:\xampp\htdocs\tugas\vendor\yiisoft\yii2\di\Container.php(170): yii\di\Container->build('yii\\debug\\panel...', Array, Array)
#11 C:\xampp\htdocs\tugas\vendor\yiisoft\yii2\BaseYii.php(365): yii\di\Container->get('yii\\debug\\panel...', Array, Array)
#12 C:\xampp\htdocs\tugas\vendor\yiisoft\yii2-debug\src\Module.php(253): yii\BaseYii::createObject(Array)
#13 C:\xampp\htdocs\tugas\vendor\yiisoft\yii2-debug\src\Module.php(225): yii\debug\Module->initPanels()
#14 C:\xampp\htdocs\tugas\vendor\yiisoft\yii2\base\BaseObject.php(109): yii\debug\Module->init()
#15 C:\xampp\htdocs\tugas\vendor\yiisoft\yii2\base\Module.php(161): yii\base\BaseObject->__construct(Array)
#16 [internal function]: yii\base\Module->__construct('debug', Object(yii\web\Application), Array)
#17 C:\xampp\htdocs\tugas\vendor\yiisoft\yii2\di\Container.php(411): ReflectionClass->newInstanceArgs(Array)
#18 C:\xampp\htdocs\tugas\vendor\yiisoft\yii2\di\Container.php(170): yii\di\Container->build('yii\\debug\\Modul...', Array, Array)
#19 C:\xampp\htdocs\tugas\vendor\yiisoft\yii2\BaseYii.php(365): yii\di\Container->get('yii\\debug\\Modul...', Array, Array)
#20 C:\xampp\htdocs\tugas\vendor\yiisoft\yii2\base\Module.php(445): yii\BaseYii::createObject(Array, Array)
#21 C:\xampp\htdocs\tugas\vendor\yiisoft\yii2\base\Application.php(313): yii\base\Module->getModule('debug')
#22 C:\xampp\htdocs\tugas\vendor\yiisoft\yii2\web\Application.php(69): yii\base\Application->bootstrap()
#23 C:\xampp\htdocs\tugas\vendor\yiisoft\yii2\base\Application.php(271): yii\web\Application->bootstrap()
#24 C:\xampp\htdocs\tugas\vendor\yiisoft\yii2\base\BaseObject.php(109): yii\base\Application->init()
#25 C:\xampp\htdocs\tugas\vendor\yiisoft\yii2\base\Application.php(204): yii\base\BaseObject->__construct(Array)
#26 C:\xampp\htdocs\tugas\web\index.php(12): yii\base\Application->__construct(Array)
#27 {main}
2024-07-16 20:23:43 [::1][-][khdhkbdcl43h0jj1etvolmvqv4][info][application] $_GET = []

$_POST = []

$_FILES = []

$_COOKIE = [
    '_identity' => '1d2fadf45a21c9fb7360b4b04862c66f08b476475288e339081aafcbc7e2775ca:2:{i:0;s:9:\"_identity\";i:1;s:28:\"[\"100\",\"test100key\",2592000]\";}'
    'PHPSESSID' => 'khdhkbdcl43h0jj1etvolmvqv4'
    '_csrf' => 'e1860c8216a81b61b766f787b9c55edaeb8bceb4688f3e962636c71dfe72f371a:2:{i:0;s:5:\"_csrf\";i:1;s:32:\"CDCP2jHCZWhlEcIgiOHsUW3XGGWuF33k\";}'
]

$_SESSION = [
    '__flash' => []
    '__id' => '100'
    '__authKey' => 'test100key'
    '1837910bca6893a28a4c329a5d95654b__id' => 1
    '1837910bca6893a28a4c329a5d95654b__name' => 'admin'
    '1837910bca6893a28a4c329a5d95654b__states' => []
]

$_SERVER = [
    'MIBDIRS' => 'C:/xampp/php/extras/mibs'
    'MYSQL_HOME' => '\\xampp\\mysql\\bin'
    'OPENSSL_CONF' => 'C:/xampp/apache/bin/openssl.cnf'
    'PHP_PEAR_SYSCONF_DIR' => '\\xampp\\php'
    'PHPRC' => '\\xampp\\php'
    'TMP' => '\\xampp\\tmp'
    'HTTP_HOST' => 'localhost'
    'HTTP_CONNECTION' => 'keep-alive'
    'HTTP_UPGRADE_INSECURE_REQUESTS' => '1'
    'HTTP_USER_AGENT' => 'Mozilla/5.0 (Windows NT 10.0; Win64; x64) AppleWebKit/537.36 (KHTML, like Gecko) Chrome/126.0.0.0 Safari/537.36'
    'HTTP_ACCEPT' => 'text/html,application/xhtml+xml,application/xml;q=0.9,image/avif,image/webp,image/apng,*/*;q=0.8,application/signed-exchange;v=b3;q=0.7'
    'HTTP_SEC_FETCH_SITE' => 'none'
    'HTTP_SEC_FETCH_MODE' => 'navigate'
    'HTTP_SEC_FETCH_USER' => '?1'
    'HTTP_SEC_FETCH_DEST' => 'document'
    'HTTP_SEC_CH_UA' => '\"Not/A)Brand\";v=\"8\", \"Chromium\";v=\"126\", \"Google Chrome\";v=\"126\"'
    'HTTP_SEC_CH_UA_MOBILE' => '?0'
    'HTTP_SEC_CH_UA_PLATFORM' => '\"Windows\"'
    'HTTP_ACCEPT_ENCODING' => 'gzip, deflate, br, zstd'
    'HTTP_ACCEPT_LANGUAGE' => 'en-US,en;q=0.9'
    'HTTP_COOKIE' => '_identity=1d2fadf45a21c9fb7360b4b04862c66f08b476475288e339081aafcbc7e2775ca%3A2%3A%7Bi%3A0%3Bs%3A9%3A%22_identity%22%3Bi%3A1%3Bs%3A28%3A%22%5B%22100%22%2C%22test100key%22%2C2592000%5D%22%3B%7D; PHPSESSID=khdhkbdcl43h0jj1etvolmvqv4; _csrf=e1860c8216a81b61b766f787b9c55edaeb8bceb4688f3e962636c71dfe72f371a%3A2%3A%7Bi%3A0%3Bs%3A5%3A%22_csrf%22%3Bi%3A1%3Bs%3A32%3A%22CDCP2jHCZWhlEcIgiOHsUW3XGGWuF33k%22%3B%7D'
    'PATH' => 'C:\\Program Files\\NVIDIA GPU Computing Toolkit\\CUDA\\v11.0\\bin;C:\\Program Files\\NVIDIA GPU Computing Toolkit\\CUDA\\v11.0\\libnvvp;;C:\\Windows\\system32;C:\\Windows;C:\\Windows\\System32\\Wbem;C:\\Windows\\System32\\WindowsPowerShell\\v1.0\\;C:\\Windows\\System32\\OpenSSH\\;C:\\Program Files (x86)\\NVIDIA Corporation\\PhysX\\Common;C:\\Program Files\\NVIDIA Corporation\\NVIDIA NvDLISR;C:\\WINDOWS\\system32;C:\\WINDOWS;C:\\WINDOWS\\System32\\Wbem;C:\\WINDOWS\\System32\\WindowsPowerShell\\v1.0\\;C:\\WINDOWS\\System32\\OpenSSH\\;C:\\Program Files\\PuTTY\\;C:\\Program Files\\Git\\cmd;C:\\Program Files\\swipl\\bin;C:\\Users\\Bagus\\AppData\\Local\\Programs\\Python\\Python36\\;C:\\Program Files\\NVIDIA Corporation\\Nsight Compute 2020.1.1\\;C:\\Users\\Bagus\\AppData\\Local\\Programs\\Python\\Python36\\Scripts\\;C:\\WINDOWS\\system32;C:\\WINDOWS;C:\\WINDOWS\\System32\\Wbem;C:\\WINDOWS\\System32\\WindowsPowerShell\\v1.0\\;C:\\WINDOWS\\System32\\OpenSSH\\;C:\\xampp 8.1.25\\php;C:\\composer;C:\\xampp\\php;C:\\Users\\Bagus\\AppData\\Local\\Programs\\Python\\Python36\\Scripts\\;C:\\Users\\Bagus\\AppData\\Local\\Programs\\Python\\Python36\\;C:\\Users\\Bagus\\AppData\\Local\\Microsoft\\WindowsApps;C:\\Users\\Bagus\\AppData\\Local\\Programs\\Microsoft VS Code\\bin;C:\\Program Files\\CMake\\bin;C:\\Users\\Bagus\\AppData\\Roaming\\Composer\\vendor\\bin'
    'SystemRoot' => 'C:\\WINDOWS'
    'COMSPEC' => 'C:\\WINDOWS\\system32\\cmd.exe'
    'PATHEXT' => '.COM;.EXE;.BAT;.CMD;.VBS;.VBE;.JS;.JSE;.WSF;.WSH;.MSC'
    'WINDIR' => 'C:\\WINDOWS'
    'SERVER_SIGNATURE' => '<address>Apache/2.4.58 (Win64) OpenSSL/3.1.3 PHP/8.1.25 Server at localhost Port 80</address>
'
    'SERVER_SOFTWARE' => 'Apache/2.4.58 (Win64) OpenSSL/3.1.3 PHP/8.1.25'
    'SERVER_NAME' => 'localhost'
    'SERVER_ADDR' => '::1'
    'SERVER_PORT' => '80'
    'REMOTE_ADDR' => '::1'
    'DOCUMENT_ROOT' => 'C:/xampp/htdocs'
    'REQUEST_SCHEME' => 'http'
    'CONTEXT_PREFIX' => ''
    'CONTEXT_DOCUMENT_ROOT' => 'C:/xampp/htdocs'
    'SERVER_ADMIN' => 'postmaster@localhost'
    'SCRIPT_FILENAME' => 'C:/xampp/htdocs/tugas/web/index.php'
    'REMOTE_PORT' => '64306'
    'GATEWAY_INTERFACE' => 'CGI/1.1'
    'SERVER_PROTOCOL' => 'HTTP/1.1'
    'REQUEST_METHOD' => 'GET'
    'QUERY_STRING' => ''
    'REQUEST_URI' => '/tugas/web/'
    'SCRIPT_NAME' => '/tugas/web/index.php'
    'PHP_SELF' => '/tugas/web/index.php'
    'REQUEST_TIME_FLOAT' => 1721154223.4693
    'REQUEST_TIME' => 1721154223
]
2024-07-16 20:25:23 [::1][100][khdhkbdcl43h0jj1etvolmvqv4][error][yii\db\Exception] PDOException: SQLSTATE[HY000] [1049] Unknown database 'tugas' in C:\xampp\htdocs\tugas\vendor\yiisoft\yii2\db\Connection.php:722
Stack trace:
#0 C:\xampp\htdocs\tugas\vendor\yiisoft\yii2\db\Connection.php(722): PDO->__construct('mysql:host=loca...', 'root', '', NULL)
#1 C:\xampp\htdocs\tugas\vendor\yiisoft\yii2\db\Connection.php(637): yii\db\Connection->createPdoInstance()
#2 C:\xampp\htdocs\tugas\vendor\yiisoft\yii2\db\Connection.php(1067): yii\db\Connection->open()
#3 C:\xampp\htdocs\tugas\vendor\yiisoft\yii2\db\Connection.php(1054): yii\db\Connection->getMasterPdo()
#4 C:\xampp\htdocs\tugas\vendor\yiisoft\yii2\db\Command.php(261): yii\db\Connection->getSlavePdo(true)
#5 C:\xampp\htdocs\tugas\vendor\yiisoft\yii2\db\Command.php(1181): yii\db\Command->prepare(true)
#6 C:\xampp\htdocs\tugas\vendor\yiisoft\yii2\db\Command.php(460): yii\db\Command->queryInternal('fetchAll', 7)
#7 C:\xampp\htdocs\tugas\vendor\yiisoft\yii2\db\mysql\Schema.php(123): yii\db\Command->queryColumn()
#8 C:\xampp\htdocs\tugas\vendor\yiisoft\yii2\db\Schema.php(235): yii\db\mysql\Schema->findTableNames('')
#9 C:\xampp\htdocs\tugas\vendor\yiisoft\yii2-gii\src\generators\model\Generator.php(225): yii\db\Schema->getTableNames()
#10 [internal function]: yii\gii\generators\model\Generator->yii\gii\generators\model\{closure}()
#11 C:\xampp\htdocs\tugas\vendor\yiisoft\yii2-gii\src\components\ActiveField.php(46): call_user_func(Object(Closure))
#12 C:\xampp\htdocs\tugas\vendor\yiisoft\yii2\base\BaseObject.php(109): yii\gii\components\ActiveField->init()
#13 [internal function]: yii\base\BaseObject->__construct(Array)
#14 C:\xampp\htdocs\tugas\vendor\yiisoft\yii2\di\Container.php(419): ReflectionClass->newInstanceArgs(Array)
#15 C:\xampp\htdocs\tugas\vendor\yiisoft\yii2\di\Container.php(170): yii\di\Container->build('yii\\gii\\compone...', Array, Array)
#16 C:\xampp\htdocs\tugas\vendor\yiisoft\yii2\BaseYii.php(365): yii\di\Container->get('yii\\gii\\compone...', Array, Array)
#17 C:\xampp\htdocs\tugas\vendor\yiisoft\yii2\widgets\ActiveForm.php(334): yii\BaseYii::createObject(Array)
#18 C:\xampp\htdocs\tugas\vendor\yiisoft\yii2-gii\src\generators\model\form.php(13): yii\widgets\ActiveForm->field(Object(yii\gii\generators\model\Generator), 'tableName')
#19 C:\xampp\htdocs\tugas\vendor\yiisoft\yii2\base\View.php(348): require('C:\\xampp\\htdocs...')
#20 C:\xampp\htdocs\tugas\vendor\yiisoft\yii2\base\View.php(258): yii\base\View->renderPhpFile('C:\\xampp\\htdocs...', Array)
#21 C:\xampp\htdocs\tugas\vendor\yiisoft\yii2-gii\src\views\default\view.php(43): yii\base\View->renderFile('C:\\xampp\\htdocs...', Array)
#22 C:\xampp\htdocs\tugas\vendor\yiisoft\yii2\base\View.php(348): require('C:\\xampp\\htdocs...')
#23 C:\xampp\htdocs\tugas\vendor\yiisoft\yii2\base\View.php(258): yii\base\View->renderPhpFile('C:\\xampp\\htdocs...', Array)
#24 C:\xampp\htdocs\tugas\vendor\yiisoft\yii2\base\View.php(157): yii\base\View->renderFile('C:\\xampp\\htdocs...', Array, Object(yii\gii\controllers\DefaultController))
#25 C:\xampp\htdocs\tugas\vendor\yiisoft\yii2\base\Controller.php(407): yii\base\View->render('view', Array, Object(yii\gii\controllers\DefaultController))
#26 C:\xampp\htdocs\tugas\vendor\yiisoft\yii2-gii\src\controllers\DefaultController.php(72): yii\base\Controller->render('view', Array)
#27 [internal function]: yii\gii\controllers\DefaultController->actionView('model')
#28 C:\xampp\htdocs\tugas\vendor\yiisoft\yii2\base\InlineAction.php(57): call_user_func_array(Array, Array)
#29 C:\xampp\htdocs\tugas\vendor\yiisoft\yii2\base\Controller.php(178): yii\base\InlineAction->runWithParams(Array)
#30 C:\xampp\htdocs\tugas\vendor\yiisoft\yii2\base\Module.php(552): yii\base\Controller->runAction('view', Array)
#31 C:\xampp\htdocs\tugas\vendor\yiisoft\yii2\web\Application.php(103): yii\base\Module->runAction('gii/default/vie...', Array)
#32 C:\xampp\htdocs\tugas\vendor\yiisoft\yii2\base\Application.php(384): yii\web\Application->handleRequest(Object(yii\web\Request))
#33 C:\xampp\htdocs\tugas\web\index.php(12): yii\base\Application->run()
#34 {main}

Next yii\db\Exception: SQLSTATE[HY000] [1049] Unknown database 'tugas' in C:\xampp\htdocs\tugas\vendor\yiisoft\yii2\db\Connection.php:648
Stack trace:
#0 C:\xampp\htdocs\tugas\vendor\yiisoft\yii2\db\Connection.php(1067): yii\db\Connection->open()
#1 C:\xampp\htdocs\tugas\vendor\yiisoft\yii2\db\Connection.php(1054): yii\db\Connection->getMasterPdo()
#2 C:\xampp\htdocs\tugas\vendor\yiisoft\yii2\db\Command.php(261): yii\db\Connection->getSlavePdo(true)
#3 C:\xampp\htdocs\tugas\vendor\yiisoft\yii2\db\Command.php(1181): yii\db\Command->prepare(true)
#4 C:\xampp\htdocs\tugas\vendor\yiisoft\yii2\db\Command.php(460): yii\db\Command->queryInternal('fetchAll', 7)
#5 C:\xampp\htdocs\tugas\vendor\yiisoft\yii2\db\mysql\Schema.php(123): yii\db\Command->queryColumn()
#6 C:\xampp\htdocs\tugas\vendor\yiisoft\yii2\db\Schema.php(235): yii\db\mysql\Schema->findTableNames('')
#7 C:\xampp\htdocs\tugas\vendor\yiisoft\yii2-gii\src\generators\model\Generator.php(225): yii\db\Schema->getTableNames()
#8 [internal function]: yii\gii\generators\model\Generator->yii\gii\generators\model\{closure}()
#9 C:\xampp\htdocs\tugas\vendor\yiisoft\yii2-gii\src\components\ActiveField.php(46): call_user_func(Object(Closure))
#10 C:\xampp\htdocs\tugas\vendor\yiisoft\yii2\base\BaseObject.php(109): yii\gii\components\ActiveField->init()
#11 [internal function]: yii\base\BaseObject->__construct(Array)
#12 C:\xampp\htdocs\tugas\vendor\yiisoft\yii2\di\Container.php(419): ReflectionClass->newInstanceArgs(Array)
#13 C:\xampp\htdocs\tugas\vendor\yiisoft\yii2\di\Container.php(170): yii\di\Container->build('yii\\gii\\compone...', Array, Array)
#14 C:\xampp\htdocs\tugas\vendor\yiisoft\yii2\BaseYii.php(365): yii\di\Container->get('yii\\gii\\compone...', Array, Array)
#15 C:\xampp\htdocs\tugas\vendor\yiisoft\yii2\widgets\ActiveForm.php(334): yii\BaseYii::createObject(Array)
#16 C:\xampp\htdocs\tugas\vendor\yiisoft\yii2-gii\src\generators\model\form.php(13): yii\widgets\ActiveForm->field(Object(yii\gii\generators\model\Generator), 'tableName')
#17 C:\xampp\htdocs\tugas\vendor\yiisoft\yii2\base\View.php(348): require('C:\\xampp\\htdocs...')
#18 C:\xampp\htdocs\tugas\vendor\yiisoft\yii2\base\View.php(258): yii\base\View->renderPhpFile('C:\\xampp\\htdocs...', Array)
#19 C:\xampp\htdocs\tugas\vendor\yiisoft\yii2-gii\src\views\default\view.php(43): yii\base\View->renderFile('C:\\xampp\\htdocs...', Array)
#20 C:\xampp\htdocs\tugas\vendor\yiisoft\yii2\base\View.php(348): require('C:\\xampp\\htdocs...')
#21 C:\xampp\htdocs\tugas\vendor\yiisoft\yii2\base\View.php(258): yii\base\View->renderPhpFile('C:\\xampp\\htdocs...', Array)
#22 C:\xampp\htdocs\tugas\vendor\yiisoft\yii2\base\View.php(157): yii\base\View->renderFile('C:\\xampp\\htdocs...', Array, Object(yii\gii\controllers\DefaultController))
#23 C:\xampp\htdocs\tugas\vendor\yiisoft\yii2\base\Controller.php(407): yii\base\View->render('view', Array, Object(yii\gii\controllers\DefaultController))
#24 C:\xampp\htdocs\tugas\vendor\yiisoft\yii2-gii\src\controllers\DefaultController.php(72): yii\base\Controller->render('view', Array)
#25 [internal function]: yii\gii\controllers\DefaultController->actionView('model')
#26 C:\xampp\htdocs\tugas\vendor\yiisoft\yii2\base\InlineAction.php(57): call_user_func_array(Array, Array)
#27 C:\xampp\htdocs\tugas\vendor\yiisoft\yii2\base\Controller.php(178): yii\base\InlineAction->runWithParams(Array)
#28 C:\xampp\htdocs\tugas\vendor\yiisoft\yii2\base\Module.php(552): yii\base\Controller->runAction('view', Array)
#29 C:\xampp\htdocs\tugas\vendor\yiisoft\yii2\web\Application.php(103): yii\base\Module->runAction('gii/default/vie...', Array)
#30 C:\xampp\htdocs\tugas\vendor\yiisoft\yii2\base\Application.php(384): yii\web\Application->handleRequest(Object(yii\web\Request))
#31 C:\xampp\htdocs\tugas\web\index.php(12): yii\base\Application->run()
#32 {main}
Additional Information:
Array
(
    [0] => HY000
    [1] => 1049
    [2] => Unknown database 'tugas'
)

2024-07-16 20:25:23 [::1][100][khdhkbdcl43h0jj1etvolmvqv4][info][application] $_GET = [
    'r' => 'gii/default/view'
    'id' => 'model'
]

$_POST = []

$_FILES = []

$_COOKIE = [
    '_identity' => '1d2fadf45a21c9fb7360b4b04862c66f08b476475288e339081aafcbc7e2775ca:2:{i:0;s:9:\"_identity\";i:1;s:28:\"[\"100\",\"test100key\",2592000]\";}'
    'PHPSESSID' => 'khdhkbdcl43h0jj1etvolmvqv4'
    '_csrf' => '83b0ccbc32835ec6d21d71410c912df2b849b005e0916ceaab7e44951fe09b06a:2:{i:0;s:5:\"_csrf\";i:1;s:32:\"EWwUpaSba2t1Os70z10v3YojGir2APtV\";}'
]

$_SESSION = [
    '__flash' => []
    '__id' => '100'
    '__authKey' => 'test100key'
    '1837910bca6893a28a4c329a5d95654b__id' => 1
    '1837910bca6893a28a4c329a5d95654b__name' => 'admin'
    '1837910bca6893a28a4c329a5d95654b__states' => []
]

$_SERVER = [
    'MIBDIRS' => 'C:/xampp/php/extras/mibs'
    'MYSQL_HOME' => '\\xampp\\mysql\\bin'
    'OPENSSL_CONF' => 'C:/xampp/apache/bin/openssl.cnf'
    'PHP_PEAR_SYSCONF_DIR' => '\\xampp\\php'
    'PHPRC' => '\\xampp\\php'
    'TMP' => '\\xampp\\tmp'
    'HTTP_HOST' => 'localhost'
    'HTTP_CONNECTION' => 'keep-alive'
    'HTTP_SEC_CH_UA' => '\"Not/A)Brand\";v=\"8\", \"Chromium\";v=\"126\", \"Google Chrome\";v=\"126\"'
    'HTTP_SEC_CH_UA_MOBILE' => '?0'
    'HTTP_SEC_CH_UA_PLATFORM' => '\"Windows\"'
    'HTTP_UPGRADE_INSECURE_REQUESTS' => '1'
    'HTTP_USER_AGENT' => 'Mozilla/5.0 (Windows NT 10.0; Win64; x64) AppleWebKit/537.36 (KHTML, like Gecko) Chrome/126.0.0.0 Safari/537.36'
    'HTTP_ACCEPT' => 'text/html,application/xhtml+xml,application/xml;q=0.9,image/avif,image/webp,image/apng,*/*;q=0.8,application/signed-exchange;v=b3;q=0.7'
    'HTTP_SEC_FETCH_SITE' => 'same-origin'
    'HTTP_SEC_FETCH_MODE' => 'navigate'
    'HTTP_SEC_FETCH_USER' => '?1'
    'HTTP_SEC_FETCH_DEST' => 'document'
    'HTTP_REFERER' => 'http://localhost/tugas/web/index.php?r=gii'
    'HTTP_ACCEPT_ENCODING' => 'gzip, deflate, br, zstd'
    'HTTP_ACCEPT_LANGUAGE' => 'en-US,en;q=0.9'
    'HTTP_COOKIE' => '_identity=1d2fadf45a21c9fb7360b4b04862c66f08b476475288e339081aafcbc7e2775ca%3A2%3A%7Bi%3A0%3Bs%3A9%3A%22_identity%22%3Bi%3A1%3Bs%3A28%3A%22%5B%22100%22%2C%22test100key%22%2C2592000%5D%22%3B%7D; PHPSESSID=khdhkbdcl43h0jj1etvolmvqv4; _csrf=83b0ccbc32835ec6d21d71410c912df2b849b005e0916ceaab7e44951fe09b06a%3A2%3A%7Bi%3A0%3Bs%3A5%3A%22_csrf%22%3Bi%3A1%3Bs%3A32%3A%22EWwUpaSba2t1Os70z10v3YojGir2APtV%22%3B%7D'
    'PATH' => 'C:\\Program Files\\NVIDIA GPU Computing Toolkit\\CUDA\\v11.0\\bin;C:\\Program Files\\NVIDIA GPU Computing Toolkit\\CUDA\\v11.0\\libnvvp;;C:\\Windows\\system32;C:\\Windows;C:\\Windows\\System32\\Wbem;C:\\Windows\\System32\\WindowsPowerShell\\v1.0\\;C:\\Windows\\System32\\OpenSSH\\;C:\\Program Files (x86)\\NVIDIA Corporation\\PhysX\\Common;C:\\Program Files\\NVIDIA Corporation\\NVIDIA NvDLISR;C:\\WINDOWS\\system32;C:\\WINDOWS;C:\\WINDOWS\\System32\\Wbem;C:\\WINDOWS\\System32\\WindowsPowerShell\\v1.0\\;C:\\WINDOWS\\System32\\OpenSSH\\;C:\\Program Files\\PuTTY\\;C:\\Program Files\\Git\\cmd;C:\\Program Files\\swipl\\bin;C:\\Users\\Bagus\\AppData\\Local\\Programs\\Python\\Python36\\;C:\\Program Files\\NVIDIA Corporation\\Nsight Compute 2020.1.1\\;C:\\Users\\Bagus\\AppData\\Local\\Programs\\Python\\Python36\\Scripts\\;C:\\WINDOWS\\system32;C:\\WINDOWS;C:\\WINDOWS\\System32\\Wbem;C:\\WINDOWS\\System32\\WindowsPowerShell\\v1.0\\;C:\\WINDOWS\\System32\\OpenSSH\\;C:\\xampp 8.1.25\\php;C:\\composer;C:\\xampp\\php;C:\\Users\\Bagus\\AppData\\Local\\Programs\\Python\\Python36\\Scripts\\;C:\\Users\\Bagus\\AppData\\Local\\Programs\\Python\\Python36\\;C:\\Users\\Bagus\\AppData\\Local\\Microsoft\\WindowsApps;C:\\Users\\Bagus\\AppData\\Local\\Programs\\Microsoft VS Code\\bin;C:\\Program Files\\CMake\\bin;C:\\Users\\Bagus\\AppData\\Roaming\\Composer\\vendor\\bin'
    'SystemRoot' => 'C:\\WINDOWS'
    'COMSPEC' => 'C:\\WINDOWS\\system32\\cmd.exe'
    'PATHEXT' => '.COM;.EXE;.BAT;.CMD;.VBS;.VBE;.JS;.JSE;.WSF;.WSH;.MSC'
    'WINDIR' => 'C:\\WINDOWS'
    'SERVER_SIGNATURE' => '<address>Apache/2.4.58 (Win64) OpenSSL/3.1.3 PHP/8.1.25 Server at localhost Port 80</address>
'
    'SERVER_SOFTWARE' => 'Apache/2.4.58 (Win64) OpenSSL/3.1.3 PHP/8.1.25'
    'SERVER_NAME' => 'localhost'
    'SERVER_ADDR' => '::1'
    'SERVER_PORT' => '80'
    'REMOTE_ADDR' => '::1'
    'DOCUMENT_ROOT' => 'C:/xampp/htdocs'
    'REQUEST_SCHEME' => 'http'
    'CONTEXT_PREFIX' => ''
    'CONTEXT_DOCUMENT_ROOT' => 'C:/xampp/htdocs'
    'SERVER_ADMIN' => 'postmaster@localhost'
    'SCRIPT_FILENAME' => 'C:/xampp/htdocs/tugas/web/index.php'
    'REMOTE_PORT' => '64371'
    'GATEWAY_INTERFACE' => 'CGI/1.1'
    'SERVER_PROTOCOL' => 'HTTP/1.1'
    'REQUEST_METHOD' => 'GET'
    'QUERY_STRING' => 'r=gii%2Fdefault%2Fview&id=model'
    'REQUEST_URI' => '/tugas/web/index.php?r=gii%2Fdefault%2Fview&id=model'
    'SCRIPT_NAME' => '/tugas/web/index.php'
    'PHP_SELF' => '/tugas/web/index.php'
    'REQUEST_TIME_FLOAT' => 1721154323.107
    'REQUEST_TIME' => 1721154323
]
2024-07-16 21:45:02 [::1][100][k5mcbdo2akakgam29fhlrndua2][error][Error] Error: Class "app\controllers\user" not found in C:\xampp\htdocs\tugas\controllers\UserController.php:70
Stack trace:
#0 [internal function]: app\controllers\UserController->actionCreate()
#1 C:\xampp\htdocs\tugas\vendor\yiisoft\yii2\base\InlineAction.php(57): call_user_func_array(Array, Array)
#2 C:\xampp\htdocs\tugas\vendor\yiisoft\yii2\base\Controller.php(178): yii\base\InlineAction->runWithParams(Array)
#3 C:\xampp\htdocs\tugas\vendor\yiisoft\yii2\base\Module.php(552): yii\base\Controller->runAction('create', Array)
#4 C:\xampp\htdocs\tugas\vendor\yiisoft\yii2\web\Application.php(103): yii\base\Module->runAction('user/create', Array)
#5 C:\xampp\htdocs\tugas\vendor\yiisoft\yii2\base\Application.php(384): yii\web\Application->handleRequest(Object(yii\web\Request))
#6 C:\xampp\htdocs\tugas\web\index.php(12): yii\base\Application->run()
#7 {main}
2024-07-16 21:45:02 [::1][100][k5mcbdo2akakgam29fhlrndua2][info][application] $_GET = [
    'r' => 'user/create'
]

$_POST = []

$_FILES = []

$_COOKIE = [
    'PHPSESSID' => 'k5mcbdo2akakgam29fhlrndua2'
    '_csrf' => '3959541b70a71ec43f18f5ebeda361b1ddcbb19e6106923babda2f5e55667e6ea:2:{i:0;s:5:\"_csrf\";i:1;s:32:\"51ETTalEkyACj9END5M1RAutgRFsNAmF\";}'
]

$_SESSION = [
    '__flash' => []
    '__id' => '100'
    '__authKey' => 'test100key'
]

$_SERVER = [
    'MIBDIRS' => 'C:/xampp/php/extras/mibs'
    'MYSQL_HOME' => '\\xampp\\mysql\\bin'
    'OPENSSL_CONF' => 'C:/xampp/apache/bin/openssl.cnf'
    'PHP_PEAR_SYSCONF_DIR' => '\\xampp\\php'
    'PHPRC' => '\\xampp\\php'
    'TMP' => '\\xampp\\tmp'
    'HTTP_HOST' => 'localhost'
    'HTTP_CONNECTION' => 'keep-alive'
    'HTTP_SEC_CH_UA' => '\"Not/A)Brand\";v=\"8\", \"Chromium\";v=\"126\", \"Google Chrome\";v=\"126\"'
    'HTTP_SEC_CH_UA_MOBILE' => '?0'
    'HTTP_SEC_CH_UA_PLATFORM' => '\"Windows\"'
    'HTTP_UPGRADE_INSECURE_REQUESTS' => '1'
    'HTTP_USER_AGENT' => 'Mozilla/5.0 (Windows NT 10.0; Win64; x64) AppleWebKit/537.36 (KHTML, like Gecko) Chrome/126.0.0.0 Safari/537.36'
    'HTTP_ACCEPT' => 'text/html,application/xhtml+xml,application/xml;q=0.9,image/avif,image/webp,image/apng,*/*;q=0.8,application/signed-exchange;v=b3;q=0.7'
    'HTTP_SEC_FETCH_SITE' => 'same-origin'
    'HTTP_SEC_FETCH_MODE' => 'navigate'
    'HTTP_SEC_FETCH_USER' => '?1'
    'HTTP_SEC_FETCH_DEST' => 'document'
    'HTTP_REFERER' => 'http://localhost/tugas/web/index.php?r=user'
    'HTTP_ACCEPT_ENCODING' => 'gzip, deflate, br, zstd'
    'HTTP_ACCEPT_LANGUAGE' => 'en-US,en;q=0.9'
    'HTTP_COOKIE' => 'PHPSESSID=k5mcbdo2akakgam29fhlrndua2; _csrf=3959541b70a71ec43f18f5ebeda361b1ddcbb19e6106923babda2f5e55667e6ea%3A2%3A%7Bi%3A0%3Bs%3A5%3A%22_csrf%22%3Bi%3A1%3Bs%3A32%3A%2251ETTalEkyACj9END5M1RAutgRFsNAmF%22%3B%7D'
    'PATH' => 'C:\\Program Files\\NVIDIA GPU Computing Toolkit\\CUDA\\v11.0\\bin;C:\\Program Files\\NVIDIA GPU Computing Toolkit\\CUDA\\v11.0\\libnvvp;;C:\\Windows\\system32;C:\\Windows;C:\\Windows\\System32\\Wbem;C:\\Windows\\System32\\WindowsPowerShell\\v1.0\\;C:\\Windows\\System32\\OpenSSH\\;C:\\Program Files (x86)\\NVIDIA Corporation\\PhysX\\Common;C:\\Program Files\\NVIDIA Corporation\\NVIDIA NvDLISR;C:\\WINDOWS\\system32;C:\\WINDOWS;C:\\WINDOWS\\System32\\Wbem;C:\\WINDOWS\\System32\\WindowsPowerShell\\v1.0\\;C:\\WINDOWS\\System32\\OpenSSH\\;C:\\Program Files\\PuTTY\\;C:\\Program Files\\Git\\cmd;C:\\Program Files\\swipl\\bin;C:\\Users\\Bagus\\AppData\\Local\\Programs\\Python\\Python36\\;C:\\Program Files\\NVIDIA Corporation\\Nsight Compute 2020.1.1\\;C:\\Users\\Bagus\\AppData\\Local\\Programs\\Python\\Python36\\Scripts\\;C:\\WINDOWS\\system32;C:\\WINDOWS;C:\\WINDOWS\\System32\\Wbem;C:\\WINDOWS\\System32\\WindowsPowerShell\\v1.0\\;C:\\WINDOWS\\System32\\OpenSSH\\;C:\\xampp 8.1.25\\php;C:\\composer;C:\\xampp\\php;C:\\Users\\Bagus\\AppData\\Local\\Programs\\Python\\Python36\\Scripts\\;C:\\Users\\Bagus\\AppData\\Local\\Programs\\Python\\Python36\\;C:\\Users\\Bagus\\AppData\\Local\\Microsoft\\WindowsApps;C:\\Users\\Bagus\\AppData\\Local\\Programs\\Microsoft VS Code\\bin;C:\\Program Files\\CMake\\bin;C:\\Users\\Bagus\\AppData\\Roaming\\Composer\\vendor\\bin'
    'SystemRoot' => 'C:\\WINDOWS'
    'COMSPEC' => 'C:\\WINDOWS\\system32\\cmd.exe'
    'PATHEXT' => '.COM;.EXE;.BAT;.CMD;.VBS;.VBE;.JS;.JSE;.WSF;.WSH;.MSC'
    'WINDIR' => 'C:\\WINDOWS'
    'SERVER_SIGNATURE' => '<address>Apache/2.4.58 (Win64) OpenSSL/3.1.3 PHP/8.1.25 Server at localhost Port 80</address>
'
    'SERVER_SOFTWARE' => 'Apache/2.4.58 (Win64) OpenSSL/3.1.3 PHP/8.1.25'
    'SERVER_NAME' => 'localhost'
    'SERVER_ADDR' => '::1'
    'SERVER_PORT' => '80'
    'REMOTE_ADDR' => '::1'
    'DOCUMENT_ROOT' => 'C:/xampp/htdocs'
    'REQUEST_SCHEME' => 'http'
    'CONTEXT_PREFIX' => ''
    'CONTEXT_DOCUMENT_ROOT' => 'C:/xampp/htdocs'
    'SERVER_ADMIN' => 'postmaster@localhost'
    'SCRIPT_FILENAME' => 'C:/xampp/htdocs/tugas/web/index.php'
    'REMOTE_PORT' => '51464'
    'GATEWAY_INTERFACE' => 'CGI/1.1'
    'SERVER_PROTOCOL' => 'HTTP/1.1'
    'REQUEST_METHOD' => 'GET'
    'QUERY_STRING' => 'r=user%2Fcreate'
    'REQUEST_URI' => '/tugas/web/index.php?r=user%2Fcreate'
    'SCRIPT_NAME' => '/tugas/web/index.php'
    'PHP_SELF' => '/tugas/web/index.php'
    'REQUEST_TIME_FLOAT' => 1721159102.1355
    'REQUEST_TIME' => 1721159102
]
